[2024-05-16 21:23:16] [ ERROR] [OdontologoDaoH2:45] Table "ODONTOLOGO" not found (this database is empty); SQL statement:
INSERT INTO ODONTOLOGO (CALLE, NUMERO, LOCALIDAD, PROVINCIA) VALUES (?, ?, ?, ?) [42104-224]
[2024-05-16 21:23:16] [ INFO ] [OdontologoDaoH2:50] Tuvimos un problema
[2024-05-16 21:23:16] [ ERROR] [OdontologoDaoH2:51] Table "ODONTOLOGO" not found (this database is empty); SQL statement:
INSERT INTO ODONTOLOGO (CALLE, NUMERO, LOCALIDAD, PROVINCIA) VALUES (?, ?, ?, ?) [42104-224]
[2024-05-16 21:23:38] [ ERROR] [OdontologoDaoH2:45] Table "ODONTOLOGO" not found (this database is empty); SQL statement:
INSERT INTO ODONTOLOGO (CALLE, NUMERO, LOCALIDAD, PROVINCIA) VALUES (?, ?, ?, ?) [42104-224]
[2024-05-16 21:23:38] [ INFO ] [OdontologoDaoH2:50] Tuvimos un problema
[2024-05-16 21:23:38] [ ERROR] [OdontologoDaoH2:51] Table "ODONTOLOGO" not found (this database is empty); SQL statement:
INSERT INTO ODONTOLOGO (CALLE, NUMERO, LOCALIDAD, PROVINCIA) VALUES (?, ?, ?, ?) [42104-224]
[2024-05-16 21:25:14] [ ERROR] [OdontologoDaoH2:45] Table "ODONTOLOGO" not found (this database is empty); SQL statement:
INSERT INTO ODONTOLOGO (MATRICULA,NOMBRE,APELLIDO) VALUES (?, ?, ?, ?) [42104-224]
[2024-05-16 21:25:14] [ INFO ] [OdontologoDaoH2:50] Tuvimos un problema
[2024-05-16 21:25:14] [ ERROR] [OdontologoDaoH2:51] Table "ODONTOLOGO" not found (this database is empty); SQL statement:
INSERT INTO ODONTOLOGO (MATRICULA,NOMBRE,APELLIDO) VALUES (?, ?, ?, ?) [42104-224]
[2024-05-16 21:25:44] [ ERROR] [OdontologoDaoH2:45] Table "ODONTOLOGO" not found (this database is empty); SQL statement:
INSERT INTO ODONTOLOGO (MATRICULA,NOMBRE,APELLIDO) VALUES (?, ?, ?, ?) [42104-224]
[2024-05-16 21:25:44] [ INFO ] [OdontologoDaoH2:50] Tuvimos un problema
[2024-05-16 21:25:44] [ ERROR] [OdontologoDaoH2:51] Table "ODONTOLOGO" not found (this database is empty); SQL statement:
INSERT INTO ODONTOLOGO (MATRICULA,NOMBRE,APELLIDO) VALUES (?, ?, ?, ?) [42104-224]
[2024-05-16 21:27:10] [ ERROR] [OdontologoDaoH2:45] Table "ODONTOLOGO" not found (this database is empty); SQL statement:
INSERT INTO ODONTOLOGO (MATRICULA,NOMBRE,APELLIDO) VALUES (?, ?, ?, ?) [42104-224]
[2024-05-16 21:27:10] [ INFO ] [OdontologoDaoH2:50] Tuvimos un problema
[2024-05-16 21:27:10] [ ERROR] [OdontologoDaoH2:51] Table "ODONTOLOGO" not found (this database is empty); SQL statement:
INSERT INTO ODONTOLOGO (MATRICULA,NOMBRE,APELLIDO) VALUES (?, ?, ?, ?) [42104-224]
[2024-05-16 21:28:37] [ ERROR] [OdontologoDaoH2:45] Table "ODONTOLOGO" not found (this database is empty); SQL statement:
INSERT INTO ODONTOLOGO (MATRICULA,NOMBRE,APELLIDO) VALUES (?, ?, ?, ?) [42104-224]
[2024-05-16 21:28:37] [ INFO ] [OdontologoDaoH2:50] Tuvimos un problema
[2024-05-16 21:28:37] [ ERROR] [OdontologoDaoH2:51] Table "ODONTOLOGO" not found (this database is empty); SQL statement:
INSERT INTO ODONTOLOGO (MATRICULA,NOMBRE,APELLIDO) VALUES (?, ?, ?, ?) [42104-224]
[2024-05-16 21:36:02] [ ERROR] [OdontologoDaoH2:45] La cantidad de columnas no coincide
Column count does not match; SQL statement:
INSERT INTO ODONTOLOGO (MATRICULA,NOMBRE,APELLIDO) VALUES (?, ?, ?, ?) [21002-224]
[2024-05-16 21:36:02] [ INFO ] [OdontologoDaoH2:50] Tuvimos un problema
[2024-05-16 21:36:02] [ ERROR] [OdontologoDaoH2:51] La cantidad de columnas no coincide
Column count does not match; SQL statement:
INSERT INTO ODONTOLOGO (MATRICULA,NOMBRE,APELLIDO) VALUES (?, ?, ?, ?) [21002-224]
[2024-05-16 21:36:55] [ INFO ] [OdontologoDaoH2:41] Se ha registrado el Odontologo: Id: 3Matricula: ZZZ123 - nombre: Fausto - apellido: Dominguez
[2024-05-16 21:37:16] [ INFO ] [OdontologoDaoH2:41] Se ha registrado el Odontologo: Id: 4Matricula: ZZZ123 - nombre: Fausto - apellido: Dominguez
[2024-05-16 21:38:29] [ INFO ] [OdontologoDaoH2:41] Se ha registrado el Odontologo: Id: 5- Matricula: ZZZ123 - nombre: Fausto - apellido: Dominguez
[2024-05-16 21:39:52] [ INFO ] [OdontologoDaoH2:41] Se ha registrado el Odontologo: id: 6 - matricula: ZZZ123 - nombre: Fausto - apellido: Dominguez
[2024-05-16 21:42:31] [ INFO ] [OdontologoDaoH2:101] Listado de todos los odontolofos: [id: 1 - matricula: ABC123 - nombre: Digital - apellido: House, id: 2 - matricula: ABC123 - nombre: Oscar - apellido: Piedrahita, id: 3 - matricula: ZZZ123 - nombre: Fausto - apellido: Dominguez, id: 4 - matricula: ZZZ123 - nombre: Fausto - apellido: Dominguez, id: 5 - matricula: ZZZ123 - nombre: Fausto - apellido: Dominguez, id: 6 - matricula: ZZZ123 - nombre: Fausto - apellido: Dominguez]
[2024-05-16 22:20:10] [ INFO ] [OdontologoDaoH2:101] Listado de todos los odontolofos: [id: 1 - matricula: ABC123 - nombre: Digital - apellido: House, id: 2 - matricula: ABC123 - nombre: Oscar - apellido: Piedrahita, id: 3 - matricula: ZZZ123 - nombre: Fausto - apellido: Dominguez, id: 4 - matricula: ZZZ123 - nombre: Fausto - apellido: Dominguez, id: 5 - matricula: ZZZ123 - nombre: Fausto - apellido: Dominguez, id: 6 - matricula: ZZZ123 - nombre: Fausto - apellido: Dominguez]
[2024-05-16 22:20:10] [ INFO ] [OdontologoDaoH2:31] Se ha registrado el Odontologo: id: 3 - matricula: ZZZ123 - nombre: Fausto - apellido: Dominguez
[2024-05-16 22:20:11] [ INFO ] [OdontologoDaoH2:41] Se ha registrado el Odontologo: id: 7 - matricula: ZZZ123 - nombre: Fausto - apellido: Dominguez
[2024-05-16 22:20:11] [ INFO ] [OdontologoDaoH2:38] Lista de Odontologos Obtenidos: [id: 1 - matricula: WWW222 - nombre: Pablo - apellido: Neruda, id: 1 - matricula: WWW222 - nombre: Pablo - apellido: Neruda]
[2024-05-16 22:23:17] [ INFO ] [OdontologoDaoH2:101] Listado de todos los odontologos: [id: 1 - matricula: ABC123 - nombre: Digital - apellido: House, id: 2 - matricula: ABC123 - nombre: Oscar - apellido: Piedrahita, id: 3 - matricula: ZZZ123 - nombre: Fausto - apellido: Dominguez, id: 4 - matricula: ZZZ123 - nombre: Fausto - apellido: Dominguez, id: 5 - matricula: ZZZ123 - nombre: Fausto - apellido: Dominguez, id: 6 - matricula: ZZZ123 - nombre: Fausto - apellido: Dominguez, id: 7 - matricula: ZZZ123 - nombre: Fausto - apellido: Dominguez]
[2024-05-16 22:23:17] [ INFO ] [OdontologoDaoH2:31] Se ha registrado el Odontologo En Memoria: id: 3 - matricula: ZZZ123 - nombre: Fausto - apellido: Dominguez
[2024-05-16 22:23:17] [ INFO ] [OdontologoDaoH2:41] Se ha registrado el Odontologo: id: 8 - matricula: ZZZ123 - nombre: Fausto - apellido: Dominguez
[2024-05-16 22:23:17] [ INFO ] [OdontologoDaoH2:38] Listado de todos los odontologos en Memoria: [id: 1 - matricula: WWW222 - nombre: Pablo - apellido: Neruda, id: 1 - matricula: WWW222 - nombre: Pablo - apellido: Neruda]
[2024-05-16 22:24:43] [ INFO ] [OdontologoDaoH2:101] Listado de todos los odontologos: [id: 1 - matricula: ABC123 - nombre: Digital - apellido: House, id: 2 - matricula: ABC123 - nombre: Oscar - apellido: Piedrahita, id: 3 - matricula: ZZZ123 - nombre: Fausto - apellido: Dominguez, id: 4 - matricula: ZZZ123 - nombre: Fausto - apellido: Dominguez, id: 5 - matricula: ZZZ123 - nombre: Fausto - apellido: Dominguez, id: 6 - matricula: ZZZ123 - nombre: Fausto - apellido: Dominguez, id: 7 - matricula: ZZZ123 - nombre: Fausto - apellido: Dominguez, id: 8 - matricula: ZZZ123 - nombre: Fausto - apellido: Dominguez]
[2024-05-16 22:24:43] [ INFO ] [OdontologoDaoH2:31] Se ha registrado el Odontologo En Memoria: id: 3 - matricula: ZZZ123 - nombre: Fausto - apellido: Dominguez
[2024-05-16 22:24:43] [ INFO ] [OdontologoDaoH2:41] Se ha registrado el Odontologo: id: 9 - matricula: ZZZ123 - nombre: Fausto - apellido: Dominguez
[2024-05-16 22:24:43] [ INFO ] [OdontologoDaoH2:38] Listado de todos los odontologos en Memoria: [id: 1 - matricula: WWW222 - nombre: Pablo - apellido: Neruda, id: 2 - matricula: YYY222 - nombre: Camilo - apellido: Zapata]
[2024-05-16 22:25:42] [ INFO ] [OdontologoDaoH2:41] Se ha registrado el Odontologo: id: 10 - matricula: ZZZ123 - nombre: Fausto - apellido: Dominguez
[2024-05-16 22:27:04] [ INFO ] [OdontologoDaoH2:101] Listado de todos los odontologos: [id: 1 - matricula: ABC123 - nombre: Digital - apellido: House, id: 2 - matricula: ABC123 - nombre: Oscar - apellido: Piedrahita, id: 3 - matricula: ZZZ123 - nombre: Fausto - apellido: Dominguez, id: 4 - matricula: ZZZ123 - nombre: Fausto - apellido: Dominguez, id: 5 - matricula: ZZZ123 - nombre: Fausto - apellido: Dominguez, id: 6 - matricula: ZZZ123 - nombre: Fausto - apellido: Dominguez, id: 7 - matricula: ZZZ123 - nombre: Fausto - apellido: Dominguez, id: 8 - matricula: ZZZ123 - nombre: Fausto - apellido: Dominguez, id: 9 - matricula: ZZZ123 - nombre: Fausto - apellido: Dominguez, id: 10 - matricula: ZZZ123 - nombre: Fausto - apellido: Dominguez]
[2024-05-16 22:27:04] [ INFO ] [OdontologoDaoH2:31] Se ha registrado el Odontologo En Memoria: id: 3 - matricula: TTT789 - nombre: Memoria - apellido: Mora
[2024-05-16 22:27:05] [ INFO ] [OdontologoDaoH2:41] Se ha registrado el Odontologo: id: 11 - matricula: ZZZ123 - nombre: Fausto - apellido: Dominguez
[2024-05-16 22:27:05] [ INFO ] [OdontologoDaoH2:38] Listado de todos los odontologos en Memoria: [id: 1 - matricula: WWW222 - nombre: Pablo - apellido: Neruda, id: 2 - matricula: YYY222 - nombre: Camilo - apellido: Zapata]
[2024-05-16 22:28:53] [ INFO ] [OdontologoDaoH2:38] Listado de todos los odontologos en Memoria: [id: 1 - matricula: WWW222 - nombre: Pablo - apellido: Neruda, id: 2 - matricula: YYY222 - nombre: Camilo - apellido: Zapata]
[2024-05-16 22:31:48] [ INFO ] [OdontologoDaoH2:101] Listado de todos los odontologos: [id: 1 - matricula: ABC123 - nombre: Digital - apellido: House, id: 2 - matricula: ABC123 - nombre: Oscar - apellido: Piedrahita, id: 3 - matricula: ZZZ123 - nombre: Fausto - apellido: Dominguez, id: 4 - matricula: ZZZ123 - nombre: Fausto - apellido: Dominguez, id: 5 - matricula: ZZZ123 - nombre: Fausto - apellido: Dominguez, id: 6 - matricula: ZZZ123 - nombre: Fausto - apellido: Dominguez, id: 7 - matricula: ZZZ123 - nombre: Fausto - apellido: Dominguez, id: 8 - matricula: ZZZ123 - nombre: Fausto - apellido: Dominguez, id: 9 - matricula: ZZZ123 - nombre: Fausto - apellido: Dominguez, id: 10 - matricula: ZZZ123 - nombre: Fausto - apellido: Dominguez, id: 11 - matricula: ZZZ123 - nombre: Fausto - apellido: Dominguez]
[2024-05-16 22:33:27] [ INFO ] [OdontologoDaoH2:101] Listado de todos los odontologos: [id: 1 - matricula: ABC123 - nombre: Digital - apellido: House
, id: 2 - matricula: ABC123 - nombre: Oscar - apellido: Piedrahita
, id: 3 - matricula: ZZZ123 - nombre: Fausto - apellido: Dominguez
, id: 4 - matricula: ZZZ123 - nombre: Fausto - apellido: Dominguez
, id: 5 - matricula: ZZZ123 - nombre: Fausto - apellido: Dominguez
, id: 6 - matricula: ZZZ123 - nombre: Fausto - apellido: Dominguez
, id: 7 - matricula: ZZZ123 - nombre: Fausto - apellido: Dominguez
, id: 8 - matricula: ZZZ123 - nombre: Fausto - apellido: Dominguez
, id: 9 - matricula: ZZZ123 - nombre: Fausto - apellido: Dominguez
, id: 10 - matricula: ZZZ123 - nombre: Fausto - apellido: Dominguez
, id: 11 - matricula: ZZZ123 - nombre: Fausto - apellido: Dominguez
]
[2024-05-16 22:33:48] [ INFO ] [OdontologoDaoH2:101] Listado de todos los odontologos: [id: 1 - matricula: ABC123 - nombre: Digital - apellido: House
, id: 2 - matricula: ABC123 - nombre: Oscar - apellido: Piedrahita
, id: 3 - matricula: ZZZ123 - nombre: Fausto - apellido: Dominguez
, id: 4 - matricula: ZZZ123 - nombre: Fausto - apellido: Dominguez
, id: 5 - matricula: ZZZ123 - nombre: Fausto - apellido: Dominguez
, id: 6 - matricula: ZZZ123 - nombre: Fausto - apellido: Dominguez
, id: 7 - matricula: ZZZ123 - nombre: Fausto - apellido: Dominguez
, id: 8 - matricula: ZZZ123 - nombre: Fausto - apellido: Dominguez
, id: 9 - matricula: ZZZ123 - nombre: Fausto - apellido: Dominguez
, id: 10 - matricula: ZZZ123 - nombre: Fausto - apellido: Dominguez
, id: 11 - matricula: ZZZ123 - nombre: Fausto - apellido: Dominguez
]
[2024-05-16 22:33:48] [ INFO ] [OdontologoDaoH2:31] Se ha registrado el Odontologo En Memoria: id: 3 - matricula: TTT789 - nombre: Memoria - apellido: Mora

[2024-05-16 22:33:48] [ INFO ] [OdontologoDaoH2:41] Se ha registrado el Odontologo: id: 12 - matricula: ZZZ123 - nombre: Fausto - apellido: Dominguez

[2024-05-16 22:33:48] [ INFO ] [OdontologoDaoH2:38] Listado de todos los odontologos en Memoria: [id: 1 - matricula: WWW222 - nombre: Pablo - apellido: Neruda
, id: 2 - matricula: YYY222 - nombre: Camilo - apellido: Zapata
]
[2024-05-16 22:34:49] [ INFO ] [OdontologoDaoH2:101] Listado de todos los odontologos: [
id: 1 - matricula: ABC123 - nombre: Digital - apellido: House
, 
id: 2 - matricula: ABC123 - nombre: Oscar - apellido: Piedrahita
, 
id: 3 - matricula: ZZZ123 - nombre: Fausto - apellido: Dominguez
, 
id: 4 - matricula: ZZZ123 - nombre: Fausto - apellido: Dominguez
, 
id: 5 - matricula: ZZZ123 - nombre: Fausto - apellido: Dominguez
, 
id: 6 - matricula: ZZZ123 - nombre: Fausto - apellido: Dominguez
, 
id: 7 - matricula: ZZZ123 - nombre: Fausto - apellido: Dominguez
, 
id: 8 - matricula: ZZZ123 - nombre: Fausto - apellido: Dominguez
, 
id: 9 - matricula: ZZZ123 - nombre: Fausto - apellido: Dominguez
, 
id: 10 - matricula: ZZZ123 - nombre: Fausto - apellido: Dominguez
, 
id: 11 - matricula: ZZZ123 - nombre: Fausto - apellido: Dominguez
, 
id: 12 - matricula: ZZZ123 - nombre: Fausto - apellido: Dominguez
]
[2024-05-16 22:34:49] [ INFO ] [OdontologoDaoH2:31] Se ha registrado el Odontologo En Memoria: 
id: 3 - matricula: TTT789 - nombre: Memoria - apellido: Mora

[2024-05-16 22:34:49] [ INFO ] [OdontologoDaoH2:41] Se ha registrado el Odontologo: 
id: 13 - matricula: ZZZ123 - nombre: Fausto - apellido: Dominguez

[2024-05-16 22:34:49] [ INFO ] [OdontologoDaoH2:38] Listado de todos los odontologos en Memoria: [
id: 1 - matricula: WWW222 - nombre: Pablo - apellido: Neruda
, 
id: 2 - matricula: YYY222 - nombre: Camilo - apellido: Zapata
]
